10110 REM **** P0 DATA
10120 DATA 16,48,56,59,45,32,38,34
10130 DATA 65,64,48,28,16,16,56,44
10140 DATA 36,100,116,76,76,64,64,64
10150 DATA 66,97,34,33,32,16,24,63
10160 DATA 48,48
10170 REM **** P1 DATA
10180 DATA 0,0,0,0,18,31,25,29
10190 DATA 62,63,15,3,15,15,7,19
10200 DATA 27,27,11,51,51,63,63,63
10210 DATA 61,30,29,30,31,15,7,0
10220 DATA 0,0
10230 REM **** FRAME 2 ****
10240 REM **** P0 DATA
10250 DATA 16,24,56,200,8,104,72,8
10260 DATA 196,4,59,115,19,19,27,10
10270 DATA 26,38,71,87,127,15,6,4
10280 DATA 132,76,136,72,8,16,48,240
10290 DATA 48,24
10300 REM **** P1 DATA
10310 DATA 0,0,0,48,240,144,176,240
10320 DATA 56,248,196,140,236,236,228,245
10330 DATA 229,217,184,168,128,240,248,248
10340 DATA 120,176,48,176,240,224,192,0
10350 DATA 0,0
