For C programmers:

#define FRAMES (2)
#define HEIGHT (33)
#define GAP    (8)
const unsigned char P0COLOURS[FRAMES] =
{
  0x14, 0x14
};
const unsigned char P1COLOURS[FRAMES] =
{
  0x18, 0x18
};
const unsigned char P0DATA[FRAMES][HEIGHT] =
{
  {
    0x00, 0x03, 0x06, 0x06, 0x04, 0x04, 0x07, 0x0e, 
    0x0a, 0x0c, 0x0a, 0x0f, 0x0b, 0x1f, 0x3d, 0x7b, 
    0x79, 0x7f, 0x6f, 0x66, 0x46, 0x06, 0x00, 0x00, 
    0x00, 0x00, 0x00, 0x00, 0x00, 0x00, 0x00, 0x00, 
    0x00
  },
  {
    0x00, 0x03, 0x06, 0x06, 0x04, 0x04, 0x07, 0x0e, 
    0x0a, 0x0c, 0x0a, 0x0f, 0x0b, 0x1f, 0x3d, 0x7b, 
    0x79, 0x7f, 0x6f, 0x66, 0x46, 0x06, 0x00, 0x06, 
    0x01, 0x02, 0x01, 0x00, 0x01, 0x01, 0x00, 0x00, 
    0x00
  }
};
const unsigned char P1DATA[FRAMES][HEIGHT] =
{
  {
    0x00, 0xc0, 0x60, 0x60, 0x20, 0x20, 0xe0, 0xb0,
    0x90, 0x70, 0x90, 0xf0, 0xd0, 0xf8, 0xfc, 0xde,
    0x9e, 0xfe, 0xfe, 0x6e, 0x66, 0x62, 0x00, 0x00,
    0x00, 0x00, 0x00, 0x00, 0x00, 0x00, 0x00, 0x00,
    0x00
  },
  {
    0x00, 0xc0, 0x60, 0x60, 0x20, 0x20, 0xe0, 0xb0,
    0x90, 0x70, 0x90, 0xf0, 0xd0, 0xf8, 0xfc, 0xde,
    0x9e, 0xfe, 0xfe, 0x6e, 0x66, 0x62, 0x00, 0xe0,
    0xc0, 0x00, 0x80, 0xc0, 0x80, 0x40, 0x80, 0x00,
    0x00
  }
};

For BASIC programmers:

10000 REM **** FRAMES ****
10010 DATA 2
10020 REM **** HEIGHT ****
10030 DATA 33
10040 REM **** GAP ****
10050 DATA 8
10060 REM **** P0 COLOURS ****
10070 DATA 20,20
10080 REM **** P1 COLOURS ****
10090 DATA 24,24
10100 REM **** P0 DATA ****
10110 REM **** FRAME 1
10120 DATA 0,3,6,6,4,4,7,14
10130 DATA 10,12,10,15,11,31,61,123
10140 DATA 121,127,111,102,70,6,0,0
10150 DATA 0,0,0,0,0,0,0,0
10160 DATA 0
10170 REM **** FRAME 2
10180 DATA 0,3,6,6,4,4,7,14
10190 DATA 10,12,10,15,11,31,61,123
10200 DATA 121,127,111,102,70,6,0,6
10210 DATA 1,2,1,0,1,1,0,0
10220 DATA 0
10230 REM **** P1 DATA ****
10240 REM **** FRAME 1
10250 DATA 0,192,96,96,32,32,224,176
10260 DATA 144,112,144,240,208,248,252,222
10270 DATA 158,254,254,110,102,98,0,0
10280 DATA 0,0,0,0,0,0,0,0
10290 DATA 0
10300 REM **** FRAME 2
10310 DATA 0,192,96,96,32,32,224,176
10320 DATA 144,112,144,240,208,248,252,222
10330 DATA 158,254,254,110,102,98,0,224
10340 DATA 192,0,128,192,128,64,128,0
10350 DATA 0

For BASIC programmers (2):

10000 REM **** FRAMES ****
10010 DATA 2
10020 REM **** HEIGHT ****
10030 DATA 33
10040 REM **** GAP ****
10050 DATA 8
10060 REM **** FRAME 1 COLOURS (P0, P1) ****
10070 DATA 20,24
10080 REM **** FRAME 2 COLOURS (P0, P1) ****
10090 DATA 20,24
10100 REM **** FRAME 1 ****
10110 REM **** P0 DATA
10120 DATA 0,3,6,6,4,4,7,14
10130 DATA 10,12,10,15,11,31,61,123
10140 DATA 121,127,111,102,70,6,0,0
10150 DATA 0,0,0,0,0,0,0,0
10160 DATA 0
10170 REM **** P1 DATA
10180 DATA 0,192,96,96,32,32,224,176
10190 DATA 144,112,144,240,208,248,252,222
10200 DATA 158,254,254,110,102,98,0,0
10210 DATA 0,0,0,0,0,0,0,0
10220 DATA 0
10230 REM **** FRAME 2 ****
10240 REM **** P0 DATA
10250 DATA 0,3,6,6,4,4,7,14
10260 DATA 10,12,10,15,11,31,61,123
10270 DATA 121,127,111,102,70,6,0,6
10280 DATA 1,2,1,0,1,1,0,0
10290 DATA 0
10300 REM **** P1 DATA
10310 DATA 0,192,96,96,32,32,224,176
10320 DATA 144,112,144,240,208,248,252,222
10330 DATA 158,254,254,110,102,98,0,224
10340 DATA 192,0,128,192,128,64,128,0
10350 DATA 0

For Assembler programmers:

FRAMES:
 .BYTE 2
HEIGHT:
 .BYTE 33
GAP:
 .BYTE 8
P0COLOURS:
 .BYTE $14,$14
P1COLOURS:
 .BYTE $18,$18
P0DATA:
; FRAME 1
 .BYTE $00,$03,$06,$06,$04,$04,$07,$0e
 .BYTE $0a,$0c,$0a,$0f,$0b,$1f,$3d,$7b
 .BYTE $79,$7f,$6f,$66,$46,$06,$00,$00
 .BYTE $00,$00,$00,$00,$00,$00,$00,$00
 .BYTE $00
; FRAME 2
 .BYTE $00,$03,$06,$06,$04,$04,$07,$0e
 .BYTE $0a,$0c,$0a,$0f,$0b,$1f,$3d,$7b
 .BYTE $79,$7f,$6f,$66,$46,$06,$00,$06
 .BYTE $01,$02,$01,$00,$01,$01,$00,$00
 .BYTE $00
P1DATA:
; FRAME 1
 .BYTE $00,$c0,$60,$60,$20,$20,$e0,$b0
 .BYTE $90,$70,$90,$f0,$d0,$f8,$fc,$de
 .BYTE $9e,$fe,$fe,$6e,$66,$62,$00,$00
 .BYTE $00,$00,$00,$00,$00,$00,$00,$00
 .BYTE $00
; FRAME 2
 .BYTE $00,$c0,$60,$60,$20,$20,$e0,$b0
 .BYTE $90,$70,$90,$f0,$d0,$f8,$fc,$de
 .BYTE $9e,$fe,$fe,$6e,$66,$62,$00,$e0
 .BYTE $c0,$00,$80,$c0,$80,$40,$80,$00
 .BYTE $00

For FASTBASIC programmers:

' frames = 2
' height = 33
' gap    = 8

data Colour0() byte = 20,20

data Colour1() byte = 24,24

data Player0() byte = 0,3,6,6,4,4,7,14,
data           byte = 10,12,10,15,11,31,61,123,
data           byte = 121,127,111,102,70,6,0,0,
data           byte = 0,0,0,0,0,0,0,0,
data           byte = 0,
data           byte = 0,3,6,6,4,4,7,14,
data           byte = 10,12,10,15,11,31,61,123,
data           byte = 121,127,111,102,70,6,0,6,
data           byte = 1,2,1,0,1,1,0,0,
data           byte = 0

data Player1() byte = 0,192,96,96,32,32,224,176,
data           byte = 144,112,144,240,208,248,252,222,
data           byte = 158,254,254,110,102,98,0,0,
data           byte = 0,0,0,0,0,0,0,0,
data           byte = 0,
data           byte = 0,192,96,96,32,32,224,176,
data           byte = 144,112,144,240,208,248,252,222,
data           byte = 158,254,254,110,102,98,0,224,
data           byte = 192,0,128,192,128,64,128,0,
data           byte = 0

